<?xml version="1.0" encoding="UTF-8"?>
<!-- Generated by org.testng.reporters.JUnitXMLReporter -->
<testsuite hostname="LAPTOP-HDR2D7VE" failures="3" tests="5" name="Default test" time="52.704" errors="0" timestamp="17 Jan 2024 15:51:27 GMT">
  <testcase classname="com.runner.TestRunner" name="runScenario" time="13.856"/>
  <testcase classname="com.runner.TestRunner" name="runScenario" time="12.982"/>
  <testcase classname="com.runner.TestRunner" name="runScenario" time="7.92">
    <failure type="java.lang.AssertionError" message="expected [true] but found [false]">
      <![CDATA[java.lang.AssertionError: expected [true] but found [false]
	at org.testng.Assert.fail(Assert.java:94)
	at org.testng.Assert.failNotEquals(Assert.java:494)
	at org.testng.Assert.assertTrue(Assert.java:42)
	at org.testng.Assert.assertTrue(Assert.java:52)
	at com.stepdefinition.LoginPageSD.page_title_should_be(LoginPageSD.java:37)
	at ✽.page title should be "Adactin.com - Search Hotel"(file:///D:/CucumberFW/CucumberArtifact/src/test/resource/features/loginpage.feature:20)
]]>
    </failure>
  </testcase> <!-- runScenario -->
  <testcase classname="com.runner.TestRunner" name="runScenario" time="7.542">
    <failure type="java.lang.AssertionError" message="expected [true] but found [false]">
      <![CDATA[java.lang.AssertionError: expected [true] but found [false]
	at org.testng.Assert.fail(Assert.java:94)
	at org.testng.Assert.failNotEquals(Assert.java:494)
	at org.testng.Assert.assertTrue(Assert.java:42)
	at org.testng.Assert.assertTrue(Assert.java:52)
	at com.stepdefinition.LoginPageSD.page_title_should_be(LoginPageSD.java:37)
	at ✽.page title should be "Adactin.com - Search Hotel"(file:///D:/CucumberFW/CucumberArtifact/src/test/resource/features/searchHotel.feature:10)
]]>
    </failure>
  </testcase> <!-- runScenario -->
  <testcase classname="com.runner.TestRunner" name="runScenario" time="6.848">
    <failure type="java.lang.AssertionError" message="expected [true] but found [false]">
      <![CDATA[java.lang.AssertionError: expected [true] but found [false]
	at org.testng.Assert.fail(Assert.java:94)
	at org.testng.Assert.failNotEquals(Assert.java:494)
	at org.testng.Assert.assertTrue(Assert.java:42)
	at org.testng.Assert.assertTrue(Assert.java:52)
	at com.stepdefinition.SearchHotelSd.search_criteria_should_be(SearchHotelSd.java:51)
	at ✽.Search criteria should be 9(file:///D:/CucumberFW/CucumberArtifact/src/test/resource/features/searchHotel.feature:24)
]]>
    </failure>
  </testcase> <!-- runScenario -->
</testsuite> <!-- Default test -->
