<?xml version="1.0" encoding="UTF-8"?>
<!-- Generated by org.testng.reporters.JUnitReportReporter -->
<testsuite hostname="LAPTOP-HDR2D7VE" failures="0" tests="5" name="com.runner.TestRunner" time="49.148" errors="3" timestamp="17 Jan 2024 15:51:27 GMT">
  <testcase classname="com.runner.TestRunner" name="runScenario" time="6.848">
    <error message="expected [true] but found [false]" type="java.lang.AssertionError">
      <![CDATA[java.lang.AssertionError: expected [true] but found [false]
	at org.testng.Assert.fail(Assert.java:94)
	at org.testng.Assert.failNotEquals(Assert.java:494)
	at org.testng.Assert.assertTrue(Assert.java:42)
	at org.testng.Assert.assertTrue(Assert.java:52)
	at com.stepdefinition.SearchHotelSd.search_criteria_should_be(SearchHotelSd.java:51)
	at ?.Search criteria should be 9(file:///D:/CucumberFW/CucumberArtifact/src/test/resource/features/searchHotel.feature:24)
]]>
    </error>
  </testcase> <!-- runScenario -->
  <testcase classname="com.runner.TestRunner" name="runScenario" time="13.856"/>
  <testcase classname="com.runner.TestRunner" name="runScenario" time="7.920">
    <error message="expected [true] but found [false]" type="java.lang.AssertionError">
      <![CDATA[java.lang.AssertionError: expected [true] but found [false]
	at org.testng.Assert.fail(Assert.java:94)
	at org.testng.Assert.failNotEquals(Assert.java:494)
	at org.testng.Assert.assertTrue(Assert.java:42)
	at org.testng.Assert.assertTrue(Assert.java:52)
	at com.stepdefinition.LoginPageSD.page_title_should_be(LoginPageSD.java:37)
	at ?.page title should be "Adactin.com - Search Hotel"(file:///D:/CucumberFW/CucumberArtifact/src/test/resource/features/loginpage.feature:20)
]]>
    </error>
  </testcase> <!-- runScenario -->
  <testcase classname="com.runner.TestRunner" name="runScenario" time="7.542">
    <error message="expected [true] but found [false]" type="java.lang.AssertionError">
      <![CDATA[java.lang.AssertionError: expected [true] but found [false]
	at org.testng.Assert.fail(Assert.java:94)
	at org.testng.Assert.failNotEquals(Assert.java:494)
	at org.testng.Assert.assertTrue(Assert.java:42)
	at org.testng.Assert.assertTrue(Assert.java:52)
	at com.stepdefinition.LoginPageSD.page_title_should_be(LoginPageSD.java:37)
	at ?.page title should be "Adactin.com - Search Hotel"(file:///D:/CucumberFW/CucumberArtifact/src/test/resource/features/searchHotel.feature:10)
]]>
    </error>
  </testcase> <!-- runScenario -->
  <testcase classname="com.runner.TestRunner" name="runScenario" time="12.982"/>
</testsuite> <!-- com.runner.TestRunner -->
